<?xml version="1.0" encoding="UTF-8"?>
<!-- Generated by org.testng.reporters.JUnitXMLReporter -->
<testsuite ignored="1" hostname="CDC2-D-7FNFXH2" failures="1" tests="1" name="Smoke" time="64.986" errors="0" timestamp="2020-08-05T09:57:02 IST">
  <testcase classname="pro.test.execute" name="facebook" time="64.929">
    <failure type="org.openqa.selenium.WebDriverException" message="unknown error: DevToolsActivePort file doesn&amp;apos;t exist
Build info: version: &amp;apos;3.141.59&amp;apos;, revision: &amp;apos;e82be7d358&amp;apos;, time: &amp;apos;2018-11-14T08:17:03&amp;apos;
System info: host: &amp;apos;CDC2-D-7FNFXH2&amp;apos;, ip: &amp;apos;192.168.225.233&amp;apos;, os.name: &amp;apos;Windows 10&amp;apos;, os.arch: &amp;apos;amd64&amp;apos;, os.version: &amp;apos;10.0&amp;apos;, java.version: &amp;apos;13.0.2&amp;apos;
Driver info: driver.version: ChromeDriver
remote stacktrace: Backtrace:
	Ordinal0 [0x008A87E3+2852835]
	Ordinal0 [0x00795BB1+1727409]
	Ordinal0 [0x0066E4B9+517305]
	Ordinal0 [0x00600215+66069]
	Ordinal0 [0x005FD31C+54044]
	Ordinal0 [0x0061D9F7+186871]
	Ordinal0 [0x0061D7FD+186365]
	Ordinal0 [0x0061B70B+177931]
	Ordinal0 [0x00602584+75140]
	Ordinal0 [0x00603650+79440]
	Ordinal0 [0x006035E9+79337]
	Ordinal0 [0x007AAD5C+1813852]
	GetHandleVerifier [0x009CC616+1075574]
	GetHandleVerifier [0x009CC367+1074887]
	GetHandleVerifier [0x009D7497+1120247]
	GetHandleVerifier [0x009CCC16+1077110]
	Ordinal0 [0x007A3206+1782278]
	Ordinal0 [0x007AC3BB+1819579]
	Ordinal0 [0x007AC523+1819939]
	Ordinal0 [0x007C2B45+1911621]
	BaseThreadInitThunk [0x76D76359+25]
	RtlGetAppContainerNamedObjectPath [0x77577C24+228]
	RtlGetAppContainerNamedObjectPath [0x77577BF4+180]
">
      <![CDATA[org.openqa.selenium.WebDriverException: unknown error: DevToolsActivePort file doesn't exist
Build info: version: '3.141.59', revision: 'e82be7d358', time: '2018-11-14T08:17:03'
System info: host: 'CDC2-D-7FNFXH2', ip: '192.168.225.233', os.name: 'Windows 10', os.arch: 'amd64', os.version: '10.0', java.version: '13.0.2'
Driver info: driver.version: ChromeDriver
remote stacktrace: Backtrace:
Ordinal0 [0x008A87E3+2852835]
Ordinal0 [0x00795BB1+1727409]
Ordinal0 [0x0066E4B9+517305]
Ordinal0 [0x00600215+66069]
Ordinal0 [0x005FD31C+54044]
Ordinal0 [0x0061D9F7+186871]
Ordinal0 [0x0061D7FD+186365]
Ordinal0 [0x0061B70B+177931]
Ordinal0 [0x00602584+75140]
Ordinal0 [0x00603650+79440]
Ordinal0 [0x006035E9+79337]
Ordinal0 [0x007AAD5C+1813852]
GetHandleVerifier [0x009CC616+1075574]
GetHandleVerifier [0x009CC367+1074887]
GetHandleVerifier [0x009D7497+1120247]
GetHandleVerifier [0x009CCC16+1077110]
Ordinal0 [0x007A3206+1782278]
Ordinal0 [0x007AC3BB+1819579]
Ordinal0 [0x007AC523+1819939]
Ordinal0 [0x007C2B45+1911621]
BaseThreadInitThunk [0x76D76359+25]
RtlGetAppContainerNamedObjectPath [0x77577C24+228]
RtlGetAppContainerNamedObjectPath [0x77577BF4+180]

at org.openqa.selenium.remote.W3CHandshakeResponse.lambda$errorHandler$0(W3CHandshakeResponse.java:62)
at org.openqa.selenium.remote.HandshakeResponse.lambda$getResponseFunction$0(HandshakeResponse.java:30)
at org.openqa.selenium.remote.ProtocolHandshake.lambda$createSession$0(ProtocolHandshake.java:126)
at java.base/java.util.stream.ReferencePipeline$3$1.accept(ReferencePipeline.java:195)
at java.base/java.util.Spliterators$ArraySpliterator.tryAdvance(Spliterators.java:958)
at java.base/java.util.stream.ReferencePipeline.forEachWithCancel(ReferencePipeline.java:127)
at java.base/java.util.stream.AbstractPipeline.copyIntoWithCancel(AbstractPipeline.java:502)
at java.base/java.util.stream.AbstractPipeline.copyInto(AbstractPipeline.java:488)
at java.base/java.util.stream.AbstractPipeline.wrapAndCopyInto(AbstractPipeline.java:474)
at java.base/java.util.stream.FindOps$FindOp.evaluateSequential(FindOps.java:150)
at java.base/java.util.stream.AbstractPipeline.evaluate(AbstractPipeline.java:234)
at java.base/java.util.stream.ReferencePipeline.findFirst(ReferencePipeline.java:543)
at org.openqa.selenium.remote.ProtocolHandshake.createSession(ProtocolHandshake.java:128)
at org.openqa.selenium.remote.ProtocolHandshake.createSession(ProtocolHandshake.java:74)
at org.openqa.selenium.remote.HttpCommandExecutor.execute(HttpCommandExecutor.java:136)
at org.openqa.selenium.remote.service.DriverCommandExecutor.execute(DriverCommandExecutor.java:83)
at org.openqa.selenium.remote.RemoteWebDriver.execute(RemoteWebDriver.java:552)
at org.openqa.selenium.remote.RemoteWebDriver.startSession(RemoteWebDriver.java:213)
at org.openqa.selenium.remote.RemoteWebDriver.<init>(RemoteWebDriver.java:131)
at org.openqa.selenium.chrome.ChromeDriver.<init>(ChromeDriver.java:181)
at org.openqa.selenium.chrome.ChromeDriver.<init>(ChromeDriver.java:168)
at org.openqa.selenium.chrome.ChromeDriver.<init>(ChromeDriver.java:123)
at pro.test.execute.facebook(execute.java:43)
at java.base/java.util.ArrayList.forEach(ArrayList.java:1507)
... Removed 32 stack frames]]>
    </failure>
  </testcase> <!-- facebook -->
  <testcase classname="pro.test.execute" name="register" time="0.0">
    <ignored/>
  </testcase> <!-- register -->
</testsuite> <!-- Smoke -->
